\\mac\home\desktop\codes\schoolwork\cos30008\lab2\arm64\debug\consoleapplication1.pdb
\\mac\home\desktop\codes\schoolwork\cos30008\lab01vs\lab1\consoleapplication1\arm64\debug\vc143.pdb
\\mac\home\desktop\codes\schoolwork\cos30008\lab2\arm64\debug\consoleapplication1.lib
\\mac\home\desktop\codes\schoolwork\cos30008\lab01vs\lab1\consoleapplication1\arm64\debug\consoleapplication1.ilk
\\mac\home\desktop\codes\schoolwork\cos30008\lab01vs\lab1\consoleapplication1\arm64\debug\polygon.obj
\\mac\home\desktop\codes\schoolwork\cos30008\lab01vs\lab1\consoleapplication1\arm64\debug\particle2d.obj
\\mac\home\desktop\codes\schoolwork\cos30008\lab01vs\lab1\consoleapplication1\arm64\debug\vector2d.obj
\\mac\home\desktop\codes\schoolwork\cos30008\lab01vs\lab1\consoleapplication1\arm64\debug\consoleapplication1.obj
\\mac\home\desktop\codes\schoolwork\cos30008\lab01vs\lab1\consoleapplication1\arm64\debug\main.obj
\\mac\home\desktop\codes\schoolwork\cos30008\lab01vs\lab1\consoleapplication1\arm64\debug\vc143.idb
\\mac\home\desktop\codes\schoolwork\cos30008\lab2\arm64\debug\consoleapplication1.exe
\\mac\home\desktop\codes\schoolwork\cos30008\lab01vs\lab1\consoleapplication1\arm64\debug\consolea.ad7e628f.tlog\link.read.1.tlog
\\mac\home\desktop\codes\schoolwork\cos30008\lab01vs\lab1\consoleapplication1\arm64\debug\consolea.ad7e628f.tlog\link.command.1.tlog
\\mac\home\desktop\codes\schoolwork\cos30008\lab01vs\lab1\consoleapplication1\arm64\debug\consolea.ad7e628f.tlog\link.write.1.tlog
\\mac\home\desktop\codes\schoolwork\cos30008\lab01vs\lab1\consoleapplication1\arm64\debug\consolea.ad7e628f.tlog\lib.command.1.tlog
\\mac\home\desktop\codes\schoolwork\cos30008\lab01vs\lab1\consoleapplication1\arm64\debug\consolea.ad7e628f.tlog\link.secondary.1.tlog
\\mac\home\desktop\codes\schoolwork\cos30008\lab01vs\lab1\consoleapplication1\arm64\debug\consolea.ad7e628f.tlog\cl.command.1.tlog
\\mac\home\desktop\codes\schoolwork\cos30008\lab01vs\lab1\consoleapplication1\arm64\debug\consolea.ad7e628f.tlog\lib-link.read.1.tlog
\\mac\home\desktop\codes\schoolwork\cos30008\lab01vs\lab1\consoleapplication1\arm64\debug\consolea.ad7e628f.tlog\lib-link.write.1.tlog
\\mac\home\desktop\codes\schoolwork\cos30008\lab01vs\lab1\consoleapplication1\arm64\debug\consolea.ad7e628f.tlog\cl.write.1.tlog
\\mac\home\desktop\codes\schoolwork\cos30008\lab01vs\lab1\consoleapplication1\arm64\debug\consolea.ad7e628f.tlog\cl.items.tlog
